/gm
/gm
/gmx
/fix
/admins
/exit
/admins
/vip
/cmds
/buylevel
/cmds
/buy
/buyadmin
/news
/credits
/news
/cmds
/home
/cmds
/heal
/heal 0
/cmds
/cmds
/admins
/admins
/buyadmin
/stats 1
/cmds
/cmds
/help
/exit
/help
/cmds
/news
/cmds
/animlist
/cmds
/animlist
/cmds
/cmds
/cmds
/buylevel
/cmds
/admins
/cmds
/buylevel
/buylevel 0
/cmds
/goto
/cmds
/cmds 0
/goto 0
/lv
/cmds
/help
/cmds
/ban
/kick
/kick 0
/authorized
/cmds
/buylevel
/car
/v car
/cmds
/modcar
/cmds
/loan
/loan 0
/cmds
/buy
/kick
/kick 0 ..
/ban 0
/slap 0
/warn 0
/cmds
/stats
/cmds
/cmds
/goto 0
/goto 0
/cmds
/radio
/locked
/sms 555 yes
/premission
/premission
/premission
/premission
/cmds
/charity
/charity 10
/charity 100
/spawn
/exit
/cnnn
/cnnn sugi
/cnnn 2 am pula mare
/cnnn 1 am pula mare
/cnnn 0 am pula mare
/cnnn 0 cutuca suge pula
/goto 0
/gotols
/goto 0
/gotols
/lounge
/duel
/cmds
/contract 0 1000
/cmds
/stats
/mystats
/help
/duel
/asd
/help
/radio
/radio
/help
/stats
/stats
/help
/stats
/gmx
/stats
/heal
/heal 0
/stats
/stats
/exit
/sms 555 yes
/sms 555 yes
/sms 555 yes
/stats
/stats
/stats
/stats
/sms 555 yes
/exit
/exit
/stats
/stats
/exit
/stats
/stats 2
/towcar
/fixcar
/pstats 0
/deposit
/deposit 60000
/stats
/buybiz
/makeadmin
/ahelp
/acmds
/makeadmin
/makeadmin 1 2
/stats
/duel
/duel 1 deagle shotgun
/heal
/towcar
/fixcar
/lounge
/dm
/duel
/spawn
/towcar
/fixcar
/stats
/admins
/sms
/sms 555
/exit
/stats
/sms 555 yes
/sms 555 yes
/sms 555 yes
/sms 555 yes
/upgrades
/upgrades
/upgrade
/spawn
/exit
/towcar
/exit
/exit
/stats
/towcar
/fixcar
/stats
/radio
/help
/cmds
/upgrades
/upgrade
/acmd
/cmds
/stats
/pm 2 test
/goto 0
/towcar
/fixcar
/exit
/stats
/goto 0
/stats
/upgrade
/level
/buylevel
/gotols
/gotols
/goto
/gotols
/gotols
/gotols
/sethealth
/acmds
/acmds
/givehealth
/givehealth 1 100
/givehealth 0 0
/gethere 2
/acmds
/dm 1
/gethere 2
/gethere
/gethere 2
/gethere 2
/stats
/level 3
/ban
/ban
/ban 2 ok
/unban
/unban [5R]Tony
/exit
/towcar
/fixcar
/stats
/exit
/gotols
/gethere 0
/gethere 2
/incmis 20
/betdm
/betdm
/lounge
/goto 0
/exit
/stats
/taichi
/taichi
/stats
/stopanim
/gotols
/lounge
/lounge
/lounge
/exit
/goto 2
/goto 2
/stats
/stats
/kill
/stats
/stats
/stats
/stats
/stats
/upgrade
/upgrade health
/stats
/stats
/stats
/deposit
/deposit 80000
/upgrade
/kill
/upgrade
/upgrade mp5
/upgrade
/upgrade health
/stats
/stats
/sms 555 yes
/stats
/stats
/acmds
/cam
/cam 1
/cam 2
/cam 3
/cam 4
/cam 1
/exit
/exit
/pen
/kill
/exit
/exit
/pen
/kill
/exit
/pen
/exit
/kill
/exit
/exit
/pen
/kill
/exit
/pen
/exit
/kill
/exit
/pen
/exit
/towcar
/pen
/exit
/pen
/givehealth 0 10000000
/time 12
/exit
/pen
/pen
/kill
/exit
/pen
/exit
/exit
/pen
/exit
/pen
/exit
/exit
/pen
/exit
/exit
/exit
/exit
/exit
/pen
/gotosf
/gotols
/kill
/exit
/gotosf
/gotols
/gotosf
/pen
/gotosf
/kill
/gotosf
/gotosf
/pen
/gotolv
/dance 3
/dance 3
/spawn
